c:\users\gram\desktop\2020-2\자료구조와 실습\과제\project1\project1\debug\vc142.pdb
c:\users\gram\desktop\2020-2\자료구조와 실습\과제\project1\project1\debug\vc142.idb
c:\users\gram\desktop\2020-2\자료구조와 실습\과제\project1\project1\debug\main.obj
c:\users\gram\desktop\2020-2\자료구조와 실습\과제\project1\project1\debug\list.obj
c:\users\gram\desktop\2020-2\자료구조와 실습\과제\project1\debug\project1.pdb
c:\users\gram\desktop\2020-2\자료구조와 실습\과제\project1\project1\debug\project1.tlog\cl.command.1.tlog
c:\users\gram\desktop\2020-2\자료구조와 실습\과제\project1\project1\debug\project1.tlog\cl.read.1.tlog
c:\users\gram\desktop\2020-2\자료구조와 실습\과제\project1\project1\debug\project1.tlog\cl.write.1.tlog
c:\users\gram\desktop\2020-2\자료구조와 실습\과제\project1\project1\debug\project1.tlog\link-cvtres.read.1.tlog
c:\users\gram\desktop\2020-2\자료구조와 실습\과제\project1\project1\debug\project1.tlog\link-cvtres.write.1.tlog
c:\users\gram\desktop\2020-2\자료구조와 실습\과제\project1\project1\debug\project1.tlog\link-rc.read.1.tlog
c:\users\gram\desktop\2020-2\자료구조와 실습\과제\project1\project1\debug\project1.tlog\link-rc.write.1.tlog
c:\users\gram\desktop\2020-2\자료구조와 실습\과제\project1\project1\debug\project1.tlog\link.11068-cvtres.read.1.tlog
c:\users\gram\desktop\2020-2\자료구조와 실습\과제\project1\project1\debug\project1.tlog\link.11068-cvtres.write.1.tlog
c:\users\gram\desktop\2020-2\자료구조와 실습\과제\project1\project1\debug\project1.tlog\link.11068-rc.read.1.tlog
c:\users\gram\desktop\2020-2\자료구조와 실습\과제\project1\project1\debug\project1.tlog\link.11068-rc.write.1.tlog
c:\users\gram\desktop\2020-2\자료구조와 실습\과제\project1\project1\debug\project1.tlog\link.11068.read.1.tlog
c:\users\gram\desktop\2020-2\자료구조와 실습\과제\project1\project1\debug\project1.tlog\link.11068.write.1.tlog
c:\users\gram\desktop\2020-2\자료구조와 실습\과제\project1\project1\debug\project1.tlog\link.command.1.tlog
c:\users\gram\desktop\2020-2\자료구조와 실습\과제\project1\project1\debug\project1.tlog\link.read.1.tlog
c:\users\gram\desktop\2020-2\자료구조와 실습\과제\project1\project1\debug\project1.tlog\link.write.1.tlog
