  heap.cpp
C:\Users\gram\Desktop\2020-2\자료구조와 실습\과제\Lab09. Heap\pre_lab\heap.h(22,1): warning C4290: 함수가 __declspec(nothrow)가 아님을 나타내려는 경우를 제외하고 C++ 예외 사양은 무시됩니다.
C:\Users\gram\Desktop\2020-2\자료구조와 실습\과제\Lab09. Heap\pre_lab\heap.h(50): message : 컴파일되는 클래스 템플릿 인스턴스화 'Heap<DT>'에 대한 참조를 확인하세요.
C:\Users\gram\Desktop\2020-2\자료구조와 실습\과제\Lab09. Heap\pre_lab\heap.h(29,1): warning C4290: 함수가 __declspec(nothrow)가 아님을 나타내려는 경우를 제외하고 C++ 예외 사양은 무시됩니다.
C:\Users\gram\Desktop\2020-2\자료구조와 실습\과제\Lab09. Heap\pre_lab\heap.h(30,1): warning C4290: 함수가 __declspec(nothrow)가 아님을 나타내려는 경우를 제외하고 C++ 예외 사양은 무시됩니다.
C:\Users\gram\Desktop\2020-2\자료구조와 실습\과제\Lab09. Heap\pre_lab\heap.cpp(17,1): warning C4290: 함수가 __declspec(nothrow)가 아님을 나타내려는 경우를 제외하고 C++ 예외 사양은 무시됩니다.
C:\Users\gram\Desktop\2020-2\자료구조와 실습\과제\Lab09. Heap\pre_lab\heap.cpp(34,1): warning C5043: 'Heap<DT>::insert': 예외 사양이 이전 선언과 일치하지 않습니다.
C:\Users\gram\Desktop\2020-2\자료구조와 실습\과제\Lab09. Heap\pre_lab\heap.h(28): message : 'Heap<DT>::insert' 선언을 참조하십시오.
C:\Users\gram\Desktop\2020-2\자료구조와 실습\과제\Lab09. Heap\pre_lab\heap.cpp(51,1): warning C5043: 'Heap<DT>::removeMax': 예외 사양이 이전 선언과 일치하지 않습니다.
C:\Users\gram\Desktop\2020-2\자료구조와 실습\과제\Lab09. Heap\pre_lab\heap.h(30): message : 'Heap<DT>::removeMax' 선언을 참조하십시오.
  testb.cpp
C:\Users\gram\Desktop\2020-2\자료구조와 실습\과제\Lab09. Heap\pre_lab\heap.h(22,1): warning C4290: 함수가 __declspec(nothrow)가 아님을 나타내려는 경우를 제외하고 C++ 예외 사양은 무시됩니다.
C:\Users\gram\Desktop\2020-2\자료구조와 실습\과제\Lab09. Heap\pre_lab\heap.h(50): message : 컴파일되는 클래스 템플릿 인스턴스화 'Heap<DT>'에 대한 참조를 확인하세요.
C:\Users\gram\Desktop\2020-2\자료구조와 실습\과제\Lab09. Heap\pre_lab\heap.h(29,1): warning C4290: 함수가 __declspec(nothrow)가 아님을 나타내려는 경우를 제외하고 C++ 예외 사양은 무시됩니다.
C:\Users\gram\Desktop\2020-2\자료구조와 실습\과제\Lab09. Heap\pre_lab\heap.h(30,1): warning C4290: 함수가 __declspec(nothrow)가 아님을 나타내려는 경우를 제외하고 C++ 예외 사양은 무시됩니다.
C:\Users\gram\Desktop\2020-2\자료구조와 실습\과제\Lab09. Heap\pre_lab\heap.cpp(17,1): warning C4290: 함수가 __declspec(nothrow)가 아님을 나타내려는 경우를 제외하고 C++ 예외 사양은 무시됩니다.
C:\Users\gram\Desktop\2020-2\자료구조와 실습\과제\Lab09. Heap\pre_lab\heap.cpp(34,1): warning C5043: 'Heap<DT>::insert': 예외 사양이 이전 선언과 일치하지 않습니다.
C:\Users\gram\Desktop\2020-2\자료구조와 실습\과제\Lab09. Heap\pre_lab\heap.h(28): message : 'Heap<DT>::insert' 선언을 참조하십시오.
C:\Users\gram\Desktop\2020-2\자료구조와 실습\과제\Lab09. Heap\pre_lab\heap.cpp(51,1): warning C5043: 'Heap<DT>::removeMax': 예외 사양이 이전 선언과 일치하지 않습니다.
C:\Users\gram\Desktop\2020-2\자료구조와 실습\과제\Lab09. Heap\pre_lab\heap.h(30): message : 'Heap<DT>::removeMax' 선언을 참조하십시오.
C:\Users\gram\Desktop\2020-2\자료구조와 실습\과제\Lab09. Heap\pre_lab\testb.cpp(56,1): warning C4326: 'main'의 반환 형식이 'int'이어야 하는데 'void'입니다.
C:\Users\gram\Desktop\2020-2\자료구조와 실습\과제\Lab09. Heap\pre_lab\heap.cpp(34,1): warning C5043: 'Heap<TestDataItem>::insert': 예외 사양이 이전 선언과 일치하지 않습니다.
C:\Users\gram\Desktop\2020-2\자료구조와 실습\과제\Lab09. Heap\pre_lab\heap.h(28): message : 'Heap<TestDataItem>::insert' 선언을 참조하십시오.
C:\Users\gram\Desktop\2020-2\자료구조와 실습\과제\Lab09. Heap\pre_lab\heap.cpp(34): message : 클래스 템플릿 멤버 함수 'void Heap<TestDataItem>::insert(const DT &) throw(std::logic_error)'을(를) 컴파일하는 중입니다.
          with
          [
              DT=TestDataItem
          ]
C:\Users\gram\Desktop\2020-2\자료구조와 실습\과제\Lab09. Heap\pre_lab\testb.cpp(83): message : 컴파일되는 함수 템플릿 인스턴스화 'void Heap<TestDataItem>::insert(const DT &) throw(std::logic_error)'에 대한 참조를 확인하세요.
          with
          [
              DT=TestDataItem
          ]
C:\Users\gram\Desktop\2020-2\자료구조와 실습\과제\Lab09. Heap\pre_lab\heap.cpp(51,1): warning C5043: 'Heap<TestDataItem>::removeMax': 예외 사양이 이전 선언과 일치하지 않습니다.
C:\Users\gram\Desktop\2020-2\자료구조와 실습\과제\Lab09. Heap\pre_lab\heap.h(30): message : 'Heap<TestDataItem>::removeMax' 선언을 참조하십시오.
C:\Users\gram\Desktop\2020-2\자료구조와 실습\과제\Lab09. Heap\pre_lab\heap.cpp(51): message : 클래스 템플릿 멤버 함수 'DT Heap<DT>::removeMax(void) throw(std::logic_error)'을(를) 컴파일하는 중입니다.
          with
          [
              DT=TestDataItem
          ]
C:\Users\gram\Desktop\2020-2\자료구조와 실습\과제\Lab09. Heap\pre_lab\testb.cpp(87): message : 컴파일되는 함수 템플릿 인스턴스화 'DT Heap<DT>::removeMax(void) throw(std::logic_error)'에 대한 참조를 확인하세요.
          with
          [
              DT=TestDataItem
          ]
  코드를 생성하고 있습니다...
  pre_lab.vcxproj -> C:\Users\gram\Desktop\2020-2\자료구조와 실습\과제\Lab09. Heap\Debug\pre_lab.exe
