  hashtbl.cpp
C:\Users\gram\Desktop\2020-2\자료구조와 실습\과제\LAB11. Sorting Searching Hash\hashtbl\listlnk.h(49,1): warning C4290: 함수가 __declspec(nothrow)가 아님을 나타내려는 경우를 제외하고 C++ 예외 사양은 무시됩니다.
C:\Users\gram\Desktop\2020-2\자료구조와 실습\과제\LAB11. Sorting Searching Hash\hashtbl\listlnk.h(87): message : 컴파일되는 클래스 템플릿 인스턴스화 'List<DT>'에 대한 참조를 확인하세요.
C:\Users\gram\Desktop\2020-2\자료구조와 실습\과제\LAB11. Sorting Searching Hash\hashtbl\listlnk.h(51,1): warning C4290: 함수가 __declspec(nothrow)가 아님을 나타내려는 경우를 제외하고 C++ 예외 사양은 무시됩니다.
C:\Users\gram\Desktop\2020-2\자료구조와 실습\과제\LAB11. Sorting Searching Hash\hashtbl\listlnk.h(53,1): warning C4290: 함수가 __declspec(nothrow)가 아님을 나타내려는 경우를 제외하고 C++ 예외 사양은 무시됩니다.
C:\Users\gram\Desktop\2020-2\자료구조와 실습\과제\LAB11. Sorting Searching Hash\hashtbl\listlnk.h(62,1): warning C4290: 함수가 __declspec(nothrow)가 아님을 나타내려는 경우를 제외하고 C++ 예외 사양은 무시됩니다.
C:\Users\gram\Desktop\2020-2\자료구조와 실습\과제\LAB11. Sorting Searching Hash\hashtbl\listlnk.h(64,1): warning C4290: 함수가 __declspec(nothrow)가 아님을 나타내려는 경우를 제외하고 C++ 예외 사양은 무시됩니다.
C:\Users\gram\Desktop\2020-2\자료구조와 실습\과제\LAB11. Sorting Searching Hash\hashtbl\listlnk.h(66,1): warning C4290: 함수가 __declspec(nothrow)가 아님을 나타내려는 경우를 제외하고 C++ 예외 사양은 무시됩니다.
C:\Users\gram\Desktop\2020-2\자료구조와 실습\과제\LAB11. Sorting Searching Hash\hashtbl\listlnk.h(68,1): warning C4290: 함수가 __declspec(nothrow)가 아님을 나타내려는 경우를 제외하고 C++ 예외 사양은 무시됩니다.
C:\Users\gram\Desktop\2020-2\자료구조와 실습\과제\LAB11. Sorting Searching Hash\hashtbl\listlnk.h(70,1): warning C4290: 함수가 __declspec(nothrow)가 아님을 나타내려는 경우를 제외하고 C++ 예외 사양은 무시됩니다.
C:\Users\gram\Desktop\2020-2\자료구조와 실습\과제\LAB11. Sorting Searching Hash\hashtbl\listlnk.cpp(35,1): warning C5043: 'List<DT>::insert': 예외 사양이 이전 선언과 일치하지 않습니다.
C:\Users\gram\Desktop\2020-2\자료구조와 실습\과제\LAB11. Sorting Searching Hash\hashtbl\listlnk.h(48): message : 'List<DT>::insert' 선언을 참조하십시오.
C:\Users\gram\Desktop\2020-2\자료구조와 실습\과제\LAB11. Sorting Searching Hash\hashtbl\listlnk.cpp(60,1): warning C5043: 'List<DT>::remove': 예외 사양이 이전 선언과 일치하지 않습니다.
C:\Users\gram\Desktop\2020-2\자료구조와 실습\과제\LAB11. Sorting Searching Hash\hashtbl\listlnk.h(50): message : 'List<DT>::remove' 선언을 참조하십시오.
C:\Users\gram\Desktop\2020-2\자료구조와 실습\과제\LAB11. Sorting Searching Hash\hashtbl\listlnk.cpp(91,1): warning C5043: 'List<DT>::replace': 예외 사양이 이전 선언과 일치하지 않습니다.
C:\Users\gram\Desktop\2020-2\자료구조와 실습\과제\LAB11. Sorting Searching Hash\hashtbl\listlnk.h(52): message : 'List<DT>::replace' 선언을 참조하십시오.
C:\Users\gram\Desktop\2020-2\자료구조와 실습\과제\LAB11. Sorting Searching Hash\hashtbl\listlnk.cpp(138,1): warning C5043: 'List<DT>::gotoBeginning': 예외 사양이 이전 선언과 일치하지 않습니다.
C:\Users\gram\Desktop\2020-2\자료구조와 실습\과제\LAB11. Sorting Searching Hash\hashtbl\listlnk.h(61): message : 'List<DT>::gotoBeginning' 선언을 참조하십시오.
C:\Users\gram\Desktop\2020-2\자료구조와 실습\과제\LAB11. Sorting Searching Hash\hashtbl\listlnk.cpp(149,1): warning C5043: 'List<DT>::gotoEnd': 예외 사양이 이전 선언과 일치하지 않습니다.
C:\Users\gram\Desktop\2020-2\자료구조와 실습\과제\LAB11. Sorting Searching Hash\hashtbl\listlnk.h(63): message : 'List<DT>::gotoEnd' 선언을 참조하십시오.
C:\Users\gram\Desktop\2020-2\자료구조와 실습\과제\LAB11. Sorting Searching Hash\hashtbl\listlnk.cpp(162,1): warning C5043: 'List<DT>::gotoNext': 예외 사양이 이전 선언과 일치하지 않습니다.
C:\Users\gram\Desktop\2020-2\자료구조와 실습\과제\LAB11. Sorting Searching Hash\hashtbl\listlnk.h(65): message : 'List<DT>::gotoNext' 선언을 참조하십시오.
C:\Users\gram\Desktop\2020-2\자료구조와 실습\과제\LAB11. Sorting Searching Hash\hashtbl\listlnk.cpp(177,1): warning C5043: 'List<DT>::gotoPrior': 예외 사양이 이전 선언과 일치하지 않습니다.
C:\Users\gram\Desktop\2020-2\자료구조와 실습\과제\LAB11. Sorting Searching Hash\hashtbl\listlnk.h(67): message : 'List<DT>::gotoPrior' 선언을 참조하십시오.
C:\Users\gram\Desktop\2020-2\자료구조와 실습\과제\LAB11. Sorting Searching Hash\hashtbl\listlnk.cpp(199,1): warning C5043: 'List<DT>::getCursor': 예외 사양이 이전 선언과 일치하지 않습니다.
C:\Users\gram\Desktop\2020-2\자료구조와 실습\과제\LAB11. Sorting Searching Hash\hashtbl\listlnk.h(69): message : 'List<DT>::getCursor' 선언을 참조하십시오.
C:\Users\gram\Desktop\2020-2\자료구조와 실습\과제\LAB11. Sorting Searching Hash\hashtbl\hashtbl.h(21,1): warning C4290: 함수가 __declspec(nothrow)가 아님을 나타내려는 경우를 제외하고 C++ 예외 사양은 무시됩니다.
C:\Users\gram\Desktop\2020-2\자료구조와 실습\과제\LAB11. Sorting Searching Hash\hashtbl\hashtbl.h(34): message : 컴파일되는 클래스 템플릿 인스턴스화 'HashTbl<DT,KF>'에 대한 참조를 확인하세요.
C:\Users\gram\Desktop\2020-2\자료구조와 실습\과제\LAB11. Sorting Searching Hash\hashtbl\hashtbl.cpp(15,71): warning C4290: 함수가 __declspec(nothrow)가 아님을 나타내려는 경우를 제외하고 C++ 예외 사양은 무시됩니다.
  hashtbl.vcxproj -> C:\Users\gram\Desktop\2020-2\자료구조와 실습\과제\LAB11. Sorting Searching Hash\Debug\hashtbl.exe
