  wtgraph.cpp
C:\Users\gram\Desktop\2020-2\자료구조와 실습\과제\Lab11. Weighted Graph\Lab11. Weighted Graph\Lab 11. Weighted Graph\wtgraph.h(36,26): warning C4290: 함수가 __declspec(nothrow)가 아님을 나타내려는 경우를 제외하고 C++ 예외 사양은 무시됩니다.
C:\Users\gram\Desktop\2020-2\자료구조와 실습\과제\Lab11. Weighted Graph\Lab11. Weighted Graph\Lab 11. Weighted Graph\wtgraph.h(44,27): warning C4290: 함수가 __declspec(nothrow)가 아님을 나타내려는 경우를 제외하고 C++ 예외 사양은 무시됩니다.
C:\Users\gram\Desktop\2020-2\자료구조와 실습\과제\Lab11. Weighted Graph\Lab11. Weighted Graph\Lab 11. Weighted Graph\wtgraph.h(46,27): warning C4290: 함수가 __declspec(nothrow)가 아님을 나타내려는 경우를 제외하고 C++ 예외 사양은 무시됩니다.
C:\Users\gram\Desktop\2020-2\자료구조와 실습\과제\Lab11. Weighted Graph\Lab11. Weighted Graph\Lab 11. Weighted Graph\wtgraph.h(50,27): warning C4290: 함수가 __declspec(nothrow)가 아님을 나타내려는 경우를 제외하고 C++ 예외 사양은 무시됩니다.
C:\Users\gram\Desktop\2020-2\자료구조와 실습\과제\Lab11. Weighted Graph\Lab11. Weighted Graph\Lab 11. Weighted Graph\wtgraph.h(52,27): warning C4290: 함수가 __declspec(nothrow)가 아님을 나타내려는 경우를 제외하고 C++ 예외 사양은 무시됩니다.
C:\Users\gram\Desktop\2020-2\자료구조와 실습\과제\Lab11. Weighted Graph\Lab11. Weighted Graph\Lab 11. Weighted Graph\wtgraph.h(54,27): warning C4290: 함수가 __declspec(nothrow)가 아님을 나타내려는 경우를 제외하고 C++ 예외 사양은 무시됩니다.
C:\Users\gram\Desktop\2020-2\자료구조와 실습\과제\Lab11. Weighted Graph\Lab11. Weighted Graph\Lab 11. Weighted Graph\wtgraph.cpp(16,1): warning C5043: 'WtGraph::WtGraph': 예외 사양이 이전 선언과 일치하지 않습니다.
C:\Users\gram\Desktop\2020-2\자료구조와 실습\과제\Lab11. Weighted Graph\Lab11. Weighted Graph\Lab 11. Weighted Graph\wtgraph.h(36): message : 'WtGraph::WtGraph' 선언을 참조하십시오.
C:\Users\gram\Desktop\2020-2\자료구조와 실습\과제\Lab11. Weighted Graph\Lab11. Weighted Graph\Lab 11. Weighted Graph\wtgraph.cpp(54,1): warning C5043: 'WtGraph::insertVertex': 예외 사양이 이전 선언과 일치하지 않습니다.
C:\Users\gram\Desktop\2020-2\자료구조와 실습\과제\Lab11. Weighted Graph\Lab11. Weighted Graph\Lab 11. Weighted Graph\wtgraph.h(43): message : 'WtGraph::insertVertex' 선언을 참조하십시오.
C:\Users\gram\Desktop\2020-2\자료구조와 실습\과제\Lab11. Weighted Graph\Lab11. Weighted Graph\Lab 11. Weighted Graph\wtgraph.cpp(65,1): warning C5043: 'WtGraph::insertEdge': 예외 사양이 이전 선언과 일치하지 않습니다.
C:\Users\gram\Desktop\2020-2\자료구조와 실습\과제\Lab11. Weighted Graph\Lab11. Weighted Graph\Lab 11. Weighted Graph\wtgraph.h(45): message : 'WtGraph::insertEdge' 선언을 참조하십시오.
C:\Users\gram\Desktop\2020-2\자료구조와 실습\과제\Lab11. Weighted Graph\Lab11. Weighted Graph\Lab 11. Weighted Graph\wtgraph.cpp(92,1): warning C5043: 'WtGraph::getEdgeWeight': 예외 사양이 이전 선언과 일치하지 않습니다.
C:\Users\gram\Desktop\2020-2\자료구조와 실습\과제\Lab11. Weighted Graph\Lab11. Weighted Graph\Lab 11. Weighted Graph\wtgraph.h(49): message : 'WtGraph::getEdgeWeight' 선언을 참조하십시오.
C:\Users\gram\Desktop\2020-2\자료구조와 실습\과제\Lab11. Weighted Graph\Lab11. Weighted Graph\Lab 11. Weighted Graph\wtgraph.cpp(104,1): warning C5043: 'WtGraph::removeVertex': 예외 사양이 이전 선언과 일치하지 않습니다.
C:\Users\gram\Desktop\2020-2\자료구조와 실습\과제\Lab11. Weighted Graph\Lab11. Weighted Graph\Lab 11. Weighted Graph\wtgraph.h(51): message : 'WtGraph::removeVertex' 선언을 참조하십시오.
C:\Users\gram\Desktop\2020-2\자료구조와 실습\과제\Lab11. Weighted Graph\Lab11. Weighted Graph\Lab 11. Weighted Graph\wtgraph.cpp(124,1): warning C5043: 'WtGraph::removeEdge': 예외 사양이 이전 선언과 일치하지 않습니다.
C:\Users\gram\Desktop\2020-2\자료구조와 실습\과제\Lab11. Weighted Graph\Lab11. Weighted Graph\Lab 11. Weighted Graph\wtgraph.h(53): message : 'WtGraph::removeEdge' 선언을 참조하십시오.
C:\Users\gram\Desktop\2020-2\자료구조와 실습\과제\Lab11. Weighted Graph\Lab11. Weighted Graph\Lab 11. Weighted Graph\wtgraph.cpp(39): warning C4715: 'WtGraph::getIndex': 모든 제어 경로에서 값을 반환하지는 않습니다.
  Lab11. Weighted Graph.vcxproj -> C:\Users\gram\Desktop\2020-2\자료구조와 실습\과제\Lab11. Weighted Graph\Debug\Lab11. Weighted Graph.exe
