  listrec.cpp
C:\Users\gram\Desktop\2020-2\자료구조와 실습\과제\Lab07. Recursion with Linked Lists\Lab07. Recursion with Linked Lists\stacklnk.h(47,1): warning C4290: 함수가 __declspec(nothrow)가 아님을 나타내려는 경우를 제외하고 C++ 예외 사양은 무시됩니다.
C:\Users\gram\Desktop\2020-2\자료구조와 실습\과제\Lab07. Recursion with Linked Lists\Lab07. Recursion with Linked Lists\stacklnk.h(67): message : 컴파일되는 클래스 템플릿 인스턴스화 'Stack<DT>'에 대한 참조를 확인하세요.
C:\Users\gram\Desktop\2020-2\자료구조와 실습\과제\Lab07. Recursion with Linked Lists\Lab07. Recursion with Linked Lists\stacklnk.h(49,1): warning C4290: 함수가 __declspec(nothrow)가 아님을 나타내려는 경우를 제외하고 C++ 예외 사양은 무시됩니다.
C:\Users\gram\Desktop\2020-2\자료구조와 실습\과제\Lab07. Recursion with Linked Lists\Lab07. Recursion with Linked Lists\stacklnk.h(60,1): warning C4290: 함수가 __declspec(nothrow)가 아님을 나타내려는 경우를 제외하고 C++ 예외 사양은 무시됩니다.
C:\Users\gram\Desktop\2020-2\자료구조와 실습\과제\Lab07. Recursion with Linked Lists\Lab07. Recursion with Linked Lists\stacklnk.cpp(23,45): warning C5043: 'Stack<DT>::push': 예외 사양이 이전 선언과 일치하지 않습니다.
C:\Users\gram\Desktop\2020-2\자료구조와 실습\과제\Lab07. Recursion with Linked Lists\Lab07. Recursion with Linked Lists\stacklnk.h(46): message : 'Stack<DT>::push' 선언을 참조하십시오.
C:\Users\gram\Desktop\2020-2\자료구조와 실습\과제\Lab07. Recursion with Linked Lists\Lab07. Recursion with Linked Lists\stacklnk.cpp(29,21): warning C5043: 'Stack<DT>::pop': 예외 사양이 이전 선언과 일치하지 않습니다.
C:\Users\gram\Desktop\2020-2\자료구조와 실습\과제\Lab07. Recursion with Linked Lists\Lab07. Recursion with Linked Lists\stacklnk.h(48): message : 'Stack<DT>::pop' 선언을 참조하십시오.
  stacklnk.cpp
C:\Users\gram\Desktop\2020-2\자료구조와 실습\과제\Lab07. Recursion with Linked Lists\Lab07. Recursion with Linked Lists\stacklnk.h(47,1): warning C4290: 함수가 __declspec(nothrow)가 아님을 나타내려는 경우를 제외하고 C++ 예외 사양은 무시됩니다.
C:\Users\gram\Desktop\2020-2\자료구조와 실습\과제\Lab07. Recursion with Linked Lists\Lab07. Recursion with Linked Lists\stacklnk.h(67): message : 컴파일되는 클래스 템플릿 인스턴스화 'Stack<DT>'에 대한 참조를 확인하세요.
C:\Users\gram\Desktop\2020-2\자료구조와 실습\과제\Lab07. Recursion with Linked Lists\Lab07. Recursion with Linked Lists\stacklnk.h(49,1): warning C4290: 함수가 __declspec(nothrow)가 아님을 나타내려는 경우를 제외하고 C++ 예외 사양은 무시됩니다.
C:\Users\gram\Desktop\2020-2\자료구조와 실습\과제\Lab07. Recursion with Linked Lists\Lab07. Recursion with Linked Lists\stacklnk.h(60,1): warning C4290: 함수가 __declspec(nothrow)가 아님을 나타내려는 경우를 제외하고 C++ 예외 사양은 무시됩니다.
C:\Users\gram\Desktop\2020-2\자료구조와 실습\과제\Lab07. Recursion with Linked Lists\Lab07. Recursion with Linked Lists\stacklnk.cpp(23,45): warning C5043: 'Stack<DT>::push': 예외 사양이 이전 선언과 일치하지 않습니다.
C:\Users\gram\Desktop\2020-2\자료구조와 실습\과제\Lab07. Recursion with Linked Lists\Lab07. Recursion with Linked Lists\stacklnk.h(46): message : 'Stack<DT>::push' 선언을 참조하십시오.
C:\Users\gram\Desktop\2020-2\자료구조와 실습\과제\Lab07. Recursion with Linked Lists\Lab07. Recursion with Linked Lists\stacklnk.cpp(29,21): warning C5043: 'Stack<DT>::pop': 예외 사양이 이전 선언과 일치하지 않습니다.
C:\Users\gram\Desktop\2020-2\자료구조와 실습\과제\Lab07. Recursion with Linked Lists\Lab07. Recursion with Linked Lists\stacklnk.h(48): message : 'Stack<DT>::pop' 선언을 참조하십시오.
  코드를 생성하고 있습니다...
  Lab07. Recursion with Linked Lists.vcxproj -> C:\Users\gram\Desktop\2020-2\자료구조와 실습\과제\Lab07. Recursion with Linked Lists\Debug\Lab07. Recursion with Linked Lists.exe
