  listarr.cpp
C:\Users\gram\Desktop\2020-2\자료구조와 실습\과제\Lab02.list\실습2주차\listarr.h(33,21): warning C4290: 함수가 __declspec(nothrow)가 아님을 나타내려는 경우를 제외하고 C++ 예외 사양은 무시됩니다.
C:\Users\gram\Desktop\2020-2\자료구조와 실습\과제\Lab02.list\실습2주차\listarr.h(35,21): warning C4290: 함수가 __declspec(nothrow)가 아님을 나타내려는 경우를 제외하고 C++ 예외 사양은 무시됩니다.
C:\Users\gram\Desktop\2020-2\자료구조와 실습\과제\Lab02.list\실습2주차\listarr.h(37,21): warning C4290: 함수가 __declspec(nothrow)가 아님을 나타내려는 경우를 제외하고 C++ 예외 사양은 무시됩니다.
C:\Users\gram\Desktop\2020-2\자료구조와 실습\과제\Lab02.list\실습2주차\listarr.h(46,21): warning C4290: 함수가 __declspec(nothrow)가 아님을 나타내려는 경우를 제외하고 C++ 예외 사양은 무시됩니다.
C:\Users\gram\Desktop\2020-2\자료구조와 실습\과제\Lab02.list\실습2주차\listarr.h(48,21): warning C4290: 함수가 __declspec(nothrow)가 아님을 나타내려는 경우를 제외하고 C++ 예외 사양은 무시됩니다.
C:\Users\gram\Desktop\2020-2\자료구조와 실습\과제\Lab02.list\실습2주차\listarr.h(50,21): warning C4290: 함수가 __declspec(nothrow)가 아님을 나타내려는 경우를 제외하고 C++ 예외 사양은 무시됩니다.
C:\Users\gram\Desktop\2020-2\자료구조와 실습\과제\Lab02.list\실습2주차\listarr.h(52,21): warning C4290: 함수가 __declspec(nothrow)가 아님을 나타내려는 경우를 제외하고 C++ 예외 사양은 무시됩니다.
C:\Users\gram\Desktop\2020-2\자료구조와 실습\과제\Lab02.list\실습2주차\listarr.h(54,21): warning C4290: 함수가 __declspec(nothrow)가 아님을 나타내려는 경우를 제외하고 C++ 예외 사양은 무시됩니다.
C:\Users\gram\Desktop\2020-2\자료구조와 실습\과제\Lab02.list\실습2주차\listarr.h(64,21): warning C4290: 함수가 __declspec(nothrow)가 아님을 나타내려는 경우를 제외하고 C++ 예외 사양은 무시됩니다.
C:\Users\gram\Desktop\2020-2\자료구조와 실습\과제\Lab02.list\실습2주차\listarr.cpp(43,19): warning C4290: 함수가 __declspec(nothrow)가 아님을 나타내려는 경우를 제외하고 C++ 예외 사양은 무시됩니다.
C:\Users\gram\Desktop\2020-2\자료구조와 실습\과제\Lab02.list\실습2주차\listarr.cpp(68,39): warning C4290: 함수가 __declspec(nothrow)가 아님을 나타내려는 경우를 제외하고 C++ 예외 사양은 무시됩니다.
C:\Users\gram\Desktop\2020-2\자료구조와 실습\과제\Lab02.list\실습2주차\listarr.cpp(94,19): warning C4290: 함수가 __declspec(nothrow)가 아님을 나타내려는 경우를 제외하고 C++ 예외 사양은 무시됩니다.
C:\Users\gram\Desktop\2020-2\자료구조와 실습\과제\Lab02.list\실습2주차\listarr.cpp(149,46): warning C4290: 함수가 __declspec(nothrow)가 아님을 나타내려는 경우를 제외하고 C++ 예외 사양은 무시됩니다.
C:\Users\gram\Desktop\2020-2\자료구조와 실습\과제\Lab02.list\실습2주차\listarr.cpp(162,40): warning C4290: 함수가 __declspec(nothrow)가 아님을 나타내려는 경우를 제외하고 C++ 예외 사양은 무시됩니다.
C:\Users\gram\Desktop\2020-2\자료구조와 실습\과제\Lab02.list\실습2주차\listarr.cpp(179,41): warning C4290: 함수가 __declspec(nothrow)가 아님을 나타내려는 경우를 제외하고 C++ 예외 사양은 무시됩니다.
C:\Users\gram\Desktop\2020-2\자료구조와 실습\과제\Lab02.list\실습2주차\listarr.cpp(198,42): warning C4290: 함수가 __declspec(nothrow)가 아님을 나타내려는 경우를 제외하고 C++ 예외 사양은 무시됩니다.
C:\Users\gram\Desktop\2020-2\자료구조와 실습\과제\Lab02.list\실습2주차\listarr.cpp(217,52): warning C4290: 함수가 __declspec(nothrow)가 아님을 나타내려는 경우를 제외하고 C++ 예외 사양은 무시됩니다.
  test4.cpp
C:\Users\gram\Desktop\2020-2\자료구조와 실습\과제\Lab02.list\실습2주차\listarr.h(33,21): warning C4290: 함수가 __declspec(nothrow)가 아님을 나타내려는 경우를 제외하고 C++ 예외 사양은 무시됩니다.
C:\Users\gram\Desktop\2020-2\자료구조와 실습\과제\Lab02.list\실습2주차\listarr.h(35,21): warning C4290: 함수가 __declspec(nothrow)가 아님을 나타내려는 경우를 제외하고 C++ 예외 사양은 무시됩니다.
C:\Users\gram\Desktop\2020-2\자료구조와 실습\과제\Lab02.list\실습2주차\listarr.h(37,21): warning C4290: 함수가 __declspec(nothrow)가 아님을 나타내려는 경우를 제외하고 C++ 예외 사양은 무시됩니다.
C:\Users\gram\Desktop\2020-2\자료구조와 실습\과제\Lab02.list\실습2주차\listarr.h(46,21): warning C4290: 함수가 __declspec(nothrow)가 아님을 나타내려는 경우를 제외하고 C++ 예외 사양은 무시됩니다.
C:\Users\gram\Desktop\2020-2\자료구조와 실습\과제\Lab02.list\실습2주차\listarr.h(48,21): warning C4290: 함수가 __declspec(nothrow)가 아님을 나타내려는 경우를 제외하고 C++ 예외 사양은 무시됩니다.
C:\Users\gram\Desktop\2020-2\자료구조와 실습\과제\Lab02.list\실습2주차\listarr.h(50,21): warning C4290: 함수가 __declspec(nothrow)가 아님을 나타내려는 경우를 제외하고 C++ 예외 사양은 무시됩니다.
C:\Users\gram\Desktop\2020-2\자료구조와 실습\과제\Lab02.list\실습2주차\listarr.h(52,21): warning C4290: 함수가 __declspec(nothrow)가 아님을 나타내려는 경우를 제외하고 C++ 예외 사양은 무시됩니다.
C:\Users\gram\Desktop\2020-2\자료구조와 실습\과제\Lab02.list\실습2주차\listarr.h(54,21): warning C4290: 함수가 __declspec(nothrow)가 아님을 나타내려는 경우를 제외하고 C++ 예외 사양은 무시됩니다.
C:\Users\gram\Desktop\2020-2\자료구조와 실습\과제\Lab02.list\실습2주차\listarr.h(64,21): warning C4290: 함수가 __declspec(nothrow)가 아님을 나타내려는 경우를 제외하고 C++ 예외 사양은 무시됩니다.
C:\Users\gram\Desktop\2020-2\자료구조와 실습\과제\Lab02.list\실습2주차\test4.cpp(16,1): warning C4326: 'main'의 반환 형식이 'int'이어야 하는데 'void'입니다.
  코드를 생성하고 있습니다...
C:\Users\gram\Desktop\2020-2\자료구조와 실습\과제\Lab02.list\실습2주차\listarr.cpp(228): warning C4715: 'List::getCursor': 모든 제어 경로에서 값을 반환하지는 않습니다.
  실습2주차.vcxproj -> C:\Users\gram\Desktop\2020-2\자료구조와 실습\과제\Lab02.list\Debug\실습2주차.exe
