  polynomial.cpp
C:\Users\gram\Desktop\2020-2\자료구조와 실습\과제\Lab04. Linked List\Lab04. Linked List\listlnk.h(50,1): warning C4290: 함수가 __declspec(nothrow)가 아님을 나타내려는 경우를 제외하고 C++ 예외 사양은 무시됩니다.
C:\Users\gram\Desktop\2020-2\자료구조와 실습\과제\Lab04. Linked List\Lab04. Linked List\listlnk.h(85): message : 컴파일되는 클래스 템플릿 인스턴스화 'List<DT>'에 대한 참조를 확인하세요.
C:\Users\gram\Desktop\2020-2\자료구조와 실습\과제\Lab04. Linked List\Lab04. Linked List\listlnk.h(52,1): warning C4290: 함수가 __declspec(nothrow)가 아님을 나타내려는 경우를 제외하고 C++ 예외 사양은 무시됩니다.
C:\Users\gram\Desktop\2020-2\자료구조와 실습\과제\Lab04. Linked List\Lab04. Linked List\listlnk.h(54,1): warning C4290: 함수가 __declspec(nothrow)가 아님을 나타내려는 경우를 제외하고 C++ 예외 사양은 무시됩니다.
C:\Users\gram\Desktop\2020-2\자료구조와 실습\과제\Lab04. Linked List\Lab04. Linked List\listlnk.h(63,1): warning C4290: 함수가 __declspec(nothrow)가 아님을 나타내려는 경우를 제외하고 C++ 예외 사양은 무시됩니다.
C:\Users\gram\Desktop\2020-2\자료구조와 실습\과제\Lab04. Linked List\Lab04. Linked List\listlnk.h(65,1): warning C4290: 함수가 __declspec(nothrow)가 아님을 나타내려는 경우를 제외하고 C++ 예외 사양은 무시됩니다.
C:\Users\gram\Desktop\2020-2\자료구조와 실습\과제\Lab04. Linked List\Lab04. Linked List\listlnk.h(67,1): warning C4290: 함수가 __declspec(nothrow)가 아님을 나타내려는 경우를 제외하고 C++ 예외 사양은 무시됩니다.
C:\Users\gram\Desktop\2020-2\자료구조와 실습\과제\Lab04. Linked List\Lab04. Linked List\listlnk.h(69,1): warning C4290: 함수가 __declspec(nothrow)가 아님을 나타내려는 경우를 제외하고 C++ 예외 사양은 무시됩니다.
C:\Users\gram\Desktop\2020-2\자료구조와 실습\과제\Lab04. Linked List\Lab04. Linked List\listlnk.h(71,1): warning C4290: 함수가 __declspec(nothrow)가 아님을 나타내려는 경우를 제외하고 C++ 예외 사양은 무시됩니다.
C:\Users\gram\Desktop\2020-2\자료구조와 실습\과제\Lab04. Linked List\Lab04. Linked List\listlnk.h(78,1): warning C4290: 함수가 __declspec(nothrow)가 아님을 나타내려는 경우를 제외하고 C++ 예외 사양은 무시됩니다.
C:\Users\gram\Desktop\2020-2\자료구조와 실습\과제\Lab04. Linked List\Lab04. Linked List\listlnk.cpp(39,1): warning C5043: 'List<DT>::insert': 예외 사양이 이전 선언과 일치하지 않습니다.
C:\Users\gram\Desktop\2020-2\자료구조와 실습\과제\Lab04. Linked List\Lab04. Linked List\listlnk.h(49): message : 'List<DT>::insert' 선언을 참조하십시오.
C:\Users\gram\Desktop\2020-2\자료구조와 실습\과제\Lab04. Linked List\Lab04. Linked List\listlnk.cpp(63,1): warning C5043: 'List<DT>::remove': 예외 사양이 이전 선언과 일치하지 않습니다.
C:\Users\gram\Desktop\2020-2\자료구조와 실습\과제\Lab04. Linked List\Lab04. Linked List\listlnk.h(51): message : 'List<DT>::remove' 선언을 참조하십시오.
C:\Users\gram\Desktop\2020-2\자료구조와 실습\과제\Lab04. Linked List\Lab04. Linked List\listlnk.cpp(109,1): warning C5043: 'List<DT>::replace': 예외 사양이 이전 선언과 일치하지 않습니다.
C:\Users\gram\Desktop\2020-2\자료구조와 실습\과제\Lab04. Linked List\Lab04. Linked List\listlnk.h(53): message : 'List<DT>::replace' 선언을 참조하십시오.
C:\Users\gram\Desktop\2020-2\자료구조와 실습\과제\Lab04. Linked List\Lab04. Linked List\listlnk.cpp(165,1): warning C5043: 'List<DT>::gotoBeginning': 예외 사양이 이전 선언과 일치하지 않습니다.
C:\Users\gram\Desktop\2020-2\자료구조와 실습\과제\Lab04. Linked List\Lab04. Linked List\listlnk.h(62): message : 'List<DT>::gotoBeginning' 선언을 참조하십시오.
C:\Users\gram\Desktop\2020-2\자료구조와 실습\과제\Lab04. Linked List\Lab04. Linked List\listlnk.cpp(179,1): warning C5043: 'List<DT>::gotoEnd': 예외 사양이 이전 선언과 일치하지 않습니다.
C:\Users\gram\Desktop\2020-2\자료구조와 실습\과제\Lab04. Linked List\Lab04. Linked List\listlnk.h(64): message : 'List<DT>::gotoEnd' 선언을 참조하십시오.
C:\Users\gram\Desktop\2020-2\자료구조와 실습\과제\Lab04. Linked List\Lab04. Linked List\listlnk.cpp(195,1): warning C5043: 'List<DT>::gotoNext': 예외 사양이 이전 선언과 일치하지 않습니다.
C:\Users\gram\Desktop\2020-2\자료구조와 실습\과제\Lab04. Linked List\Lab04. Linked List\listlnk.h(66): message : 'List<DT>::gotoNext' 선언을 참조하십시오.
C:\Users\gram\Desktop\2020-2\자료구조와 실습\과제\Lab04. Linked List\Lab04. Linked List\listlnk.cpp(214,1): warning C5043: 'List<DT>::gotoPrior': 예외 사양이 이전 선언과 일치하지 않습니다.
C:\Users\gram\Desktop\2020-2\자료구조와 실습\과제\Lab04. Linked List\Lab04. Linked List\listlnk.h(68): message : 'List<DT>::gotoPrior' 선언을 참조하십시오.
C:\Users\gram\Desktop\2020-2\자료구조와 실습\과제\Lab04. Linked List\Lab04. Linked List\listlnk.cpp(239,1): warning C5043: 'List<DT>::getCursor': 예외 사양이 이전 선언과 일치하지 않습니다.
C:\Users\gram\Desktop\2020-2\자료구조와 실습\과제\Lab04. Linked List\Lab04. Linked List\listlnk.h(70): message : 'List<DT>::getCursor' 선언을 참조하십시오.
C:\Users\gram\Desktop\2020-2\자료구조와 실습\과제\Lab04. Linked List\Lab04. Linked List\listlnk.cpp(280,51): warning C5043: 'List<DT>::insertBefore': 예외 사양이 이전 선언과 일치하지 않습니다.
C:\Users\gram\Desktop\2020-2\자료구조와 실습\과제\Lab04. Linked List\Lab04. Linked List\listlnk.h(77): message : 'List<DT>::insertBefore' 선언을 참조하십시오.
C:\Users\gram\Desktop\2020-2\자료구조와 실습\과제\Lab04. Linked List\Lab04. Linked List\polynomial.cpp(110,1): warning C4326: 'main'의 반환 형식이 'int'이어야 하는데 'void'입니다.
C:\Users\gram\Desktop\2020-2\자료구조와 실습\과제\Lab04. Linked List\Lab04. Linked List\listlnk.cpp(39,1): warning C5043: 'List<PolyNode>::insert': 예외 사양이 이전 선언과 일치하지 않습니다.
C:\Users\gram\Desktop\2020-2\자료구조와 실습\과제\Lab04. Linked List\Lab04. Linked List\listlnk.h(49): message : 'List<PolyNode>::insert' 선언을 참조하십시오.
C:\Users\gram\Desktop\2020-2\자료구조와 실습\과제\Lab04. Linked List\Lab04. Linked List\listlnk.cpp(39): message : 클래스 템플릿 멤버 함수 'void List<PolyNode>::insert(const DT &) throw(std::bad_alloc)'을(를) 컴파일하는 중입니다.
          with
          [
              DT=PolyNode
          ]
C:\Users\gram\Desktop\2020-2\자료구조와 실습\과제\Lab04. Linked List\Lab04. Linked List\polynomial.cpp(48): message : 컴파일되는 함수 템플릿 인스턴스화 'void List<PolyNode>::insert(const DT &) throw(std::bad_alloc)'에 대한 참조를 확인하세요.
          with
          [
              DT=PolyNode
          ]
C:\Users\gram\Desktop\2020-2\자료구조와 실습\과제\Lab04. Linked List\Lab04. Linked List\polynomial.cpp(47): message : 컴파일되는 클래스 템플릿 인스턴스화 'List<PolyNode>'에 대한 참조를 확인하세요.
C:\Users\gram\Desktop\2020-2\자료구조와 실습\과제\Lab04. Linked List\Lab04. Linked List\listlnk.cpp(165,1): warning C5043: 'List<PolyNode>::gotoBeginning': 예외 사양이 이전 선언과 일치하지 않습니다.
C:\Users\gram\Desktop\2020-2\자료구조와 실습\과제\Lab04. Linked List\Lab04. Linked List\listlnk.h(62): message : 'List<PolyNode>::gotoBeginning' 선언을 참조하십시오.
C:\Users\gram\Desktop\2020-2\자료구조와 실습\과제\Lab04. Linked List\Lab04. Linked List\listlnk.cpp(165): message : 클래스 템플릿 멤버 함수 'void List<PolyNode>::gotoBeginning(void) throw(std::logic_error)'을(를) 컴파일하는 중입니다.
C:\Users\gram\Desktop\2020-2\자료구조와 실습\과제\Lab04. Linked List\Lab04. Linked List\polynomial.cpp(51): message : 컴파일되는 함수 템플릿 인스턴스화 'void List<PolyNode>::gotoBeginning(void) throw(std::logic_error)'에 대한 참조를 확인하세요.
C:\Users\gram\Desktop\2020-2\자료구조와 실습\과제\Lab04. Linked List\Lab04. Linked List\listlnk.cpp(195,1): warning C5043: 'List<PolyNode>::gotoNext': 예외 사양이 이전 선언과 일치하지 않습니다.
C:\Users\gram\Desktop\2020-2\자료구조와 실습\과제\Lab04. Linked List\Lab04. Linked List\listlnk.h(66): message : 'List<PolyNode>::gotoNext' 선언을 참조하십시오.
C:\Users\gram\Desktop\2020-2\자료구조와 실습\과제\Lab04. Linked List\Lab04. Linked List\listlnk.cpp(195): message : 클래스 템플릿 멤버 함수 'bool List<PolyNode>::gotoNext(void) throw(std::logic_error)'을(를) 컴파일하는 중입니다.
C:\Users\gram\Desktop\2020-2\자료구조와 실습\과제\Lab04. Linked List\Lab04. Linked List\polynomial.cpp(62): message : 컴파일되는 함수 템플릿 인스턴스화 'bool List<PolyNode>::gotoNext(void) throw(std::logic_error)'에 대한 참조를 확인하세요.
C:\Users\gram\Desktop\2020-2\자료구조와 실습\과제\Lab04. Linked List\Lab04. Linked List\listlnk.cpp(239,1): warning C5043: 'List<PolyNode>::getCursor': 예외 사양이 이전 선언과 일치하지 않습니다.
C:\Users\gram\Desktop\2020-2\자료구조와 실습\과제\Lab04. Linked List\Lab04. Linked List\listlnk.h(70): message : 'List<PolyNode>::getCursor' 선언을 참조하십시오.
C:\Users\gram\Desktop\2020-2\자료구조와 실습\과제\Lab04. Linked List\Lab04. Linked List\listlnk.cpp(239): message : 클래스 템플릿 멤버 함수 'DT &List<DT>::getCursor(void) throw(std::logic_error) const'을(를) 컴파일하는 중입니다.
          with
          [
              DT=PolyNode
          ]
C:\Users\gram\Desktop\2020-2\자료구조와 실습\과제\Lab04. Linked List\Lab04. Linked List\polynomial.cpp(53): message : 컴파일되는 함수 템플릿 인스턴스화 'DT &List<DT>::getCursor(void) throw(std::logic_error) const'에 대한 참조를 확인하세요.
          with
          [
              DT=PolyNode
          ]
C:\Users\gram\Desktop\2020-2\자료구조와 실습\과제\Lab04. Linked List\Lab04. Linked List\listlnk.cpp(280,51): warning C5043: 'List<PolyNode>::insertBefore': 예외 사양이 이전 선언과 일치하지 않습니다.
C:\Users\gram\Desktop\2020-2\자료구조와 실습\과제\Lab04. Linked List\Lab04. Linked List\listlnk.h(77): message : 'List<PolyNode>::insertBefore' 선언을 참조하십시오.
C:\Users\gram\Desktop\2020-2\자료구조와 실습\과제\Lab04. Linked List\Lab04. Linked List\listlnk.cpp(280): message : 클래스 템플릿 멤버 함수 'void List<PolyNode>::insertBefore(const DT &) throw(std::bad_alloc)'을(를) 컴파일하는 중입니다.
          with
          [
              DT=PolyNode
          ]
C:\Users\gram\Desktop\2020-2\자료구조와 실습\과제\Lab04. Linked List\Lab04. Linked List\polynomial.cpp(58): message : 컴파일되는 함수 템플릿 인스턴스화 'void List<PolyNode>::insertBefore(const DT &) throw(std::bad_alloc)'에 대한 참조를 확인하세요.
          with
          [
              DT=PolyNode
          ]
C:\Users\gram\Desktop\2020-2\자료구조와 실습\과제\Lab04. Linked List\Lab04. Linked List\listlnk.cpp(214,1): warning C5043: 'List<PolyNode>::gotoPrior': 예외 사양이 이전 선언과 일치하지 않습니다.
C:\Users\gram\Desktop\2020-2\자료구조와 실습\과제\Lab04. Linked List\Lab04. Linked List\listlnk.h(68): message : 'List<PolyNode>::gotoPrior' 선언을 참조하십시오.
C:\Users\gram\Desktop\2020-2\자료구조와 실습\과제\Lab04. Linked List\Lab04. Linked List\listlnk.cpp(214): message : 클래스 템플릿 멤버 함수 'bool List<PolyNode>::gotoPrior(void) throw(std::logic_error)'을(를) 컴파일하는 중입니다.
C:\Users\gram\Desktop\2020-2\자료구조와 실습\과제\Lab04. Linked List\Lab04. Linked List\listlnk.cpp(286): message : 컴파일되는 함수 템플릿 인스턴스화 'bool List<PolyNode>::gotoPrior(void) throw(std::logic_error)'에 대한 참조를 확인하세요.
C:\Users\gram\Desktop\2020-2\자료구조와 실습\과제\Lab04. Linked List\Lab04. Linked List\listlnk.cpp(20): message : 클래스 템플릿 멤버 함수 'List<PolyNode>::List(int)'을(를) 컴파일하는 중입니다.
C:\Users\gram\Desktop\2020-2\자료구조와 실습\과제\Lab04. Linked List\Lab04. Linked List\polynomial.cpp(111): message : 컴파일되는 함수 템플릿 인스턴스화 'List<PolyNode>::List(int)'에 대한 참조를 확인하세요.
C:\Users\gram\Desktop\2020-2\자료구조와 실습\과제\Lab04. Linked List\Lab04. Linked List\listlnk.cpp(246): warning C4715: 'List<PolyNode>::getCursor': 모든 제어 경로에서 값을 반환하지는 않습니다.
  Lab04. Linked List.vcxproj -> C:\Users\gram\Desktop\2020-2\자료구조와 실습\과제\Lab04. Linked List\Debug\Lab04. Linked List.exe
